<?xml version="1.0" encoding="UTF-8"?>
<!-- Generated by org.testng.reporters.JUnitReportReporter -->
<testsuite hostname="LAPTOP-O0K43E3F" failures="0" tests="1" name="prac_auto.shilpa" time="0.007" errors="0" timestamp="2024-07-02T22:36:53 IST" skipped="0">
  <testcase classname="prac_auto.shilpa" name="test" time="0.007"/>
</testsuite> <!-- prac_auto.shilpa -->
