<?xml version="1.0" encoding="UTF-8"?>
<!-- Generated by org.testng.reporters.JUnitReportReporter -->
<testsuite hostname="LAPTOP-O0K43E3F" failures="0" tests="3" name="files.DynamicJson" time="1.659" errors="0" timestamp="2024-07-04T23:56:47 IST" skipped="0">
  <testcase classname="files.DynamicJson" name="addBook" time="1.421"/>
  <testcase classname="files.DynamicJson" name="addBook" time="0.126"/>
  <testcase classname="files.DynamicJson" name="addBook" time="0.112"/>
</testsuite> <!-- files.DynamicJson -->
