<?xml version="1.0" encoding="UTF-8"?>
<!-- Generated by org.testng.reporters.JUnitReportReporter -->
<testsuite hostname="LAPTOP-O0K43E3F" failures="0" tests="1" name="files.StaicJson" time="1.283" errors="0" timestamp="2024-07-05T00:04:33 IST" skipped="0">
  <testcase classname="files.StaicJson" name="addBook" time="1.283"/>
</testsuite> <!-- files.StaicJson -->
