<?xml version="1.0" encoding="UTF-8"?>
<!-- Generated by org.testng.reporters.JUnitReportReporter -->
<testsuite hostname="LAPTOP-O0K43E3F" failures="0" tests="1" name="prac_auto.sumvalidation" time="0.892" errors="0" timestamp="2024-07-07T22:20:47 IST" skipped="0">
  <testcase classname="prac_auto.sumvalidation" name="SumOfCourses" time="0.892"/>
</testsuite> <!-- prac_auto.sumvalidation -->
